# JRE version: Java(TM) SE Runtime Environment (21.0.10+8) (build 21.0.10+8-LTS-217)
# Java VM: Java HotSpot(TM) 64-Bit Server VM (21.0.10+8-LTS-217, mixed mode, sharing, tiered, compressed oops, compressed class ptrs, g1 gc, windows-amd64)
GC Precious Log:
 CardTable entry size: 512
 Card Set container configuration: InlinePtr #cards 4 size 8 Array Of Cards #cards 16 size 48 Howl #buckets 8 coarsen threshold 3686 Howl Bitmap #cards 512 size 80 coarsen threshold 460 Card regions per heap region 1 cards per card region 4096
 CPUs: 12 total, 12 available
 Memory: 16108M
 Large Page Support: Disabled
 NUMA Support: Disabled
 Compressed Oops: Enabled (Zero based)
 Heap Region Size: 2M
 Heap Min Capacity: 8M
 Heap Initial Capacity: 252M
 Heap Max Capacity: 4028M
 Pre-touch: Disabled
 Parallel Workers: 10
 Concurrent Workers: 3
 Concurrent Refinement Workers: 10
 Periodic GC: Disabled
Heap:
 garbage-first heap   total 147456K, used 79329K [0x0000000704400000, 0x0000000800000000)
  region size 2048K, 20 young (40960K), 3 survivors (6144K)
 Metaspace       used 102814K, committed 103744K, reserved 1179648K
  class space    used 13490K, committed 13952K, reserved 1048576K
GC Heap History (20 events):
Event: 55813.441 GC heap before
{Heap before GC invocations=83 (full 5):
 garbage-first heap   total 122880K, used 107621K [0x0000000704400000, 0x0000000800000000)
  region size 2048K, 33 young (67584K), 3 survivors (6144K)
 Metaspace       used 101616K, committed 102784K, reserved 1179648K
  class space    used 13329K, committed 13824K, reserved 1048576K
}
Event: 55813.446 GC heap after
{Heap after GC invocations=84 (full 5):
 garbage-first heap   total 122880K, used 45810K [0x0000000704400000, 0x0000000800000000)
  region size 2048K, 2 young (4096K), 2 survivors (4096K)
 Metaspace       used 101616K, committed 102784K, reserved 1179648K
  class space    used 13329K, committed 13824K, reserved 1048576K
}
Event: 56646.739 GC heap before
{Heap before GC invocations=84 (full 5):
 garbage-first heap   total 122880K, used 111346K [0x0000000704400000, 0x0000000800000000)
  region size 2048K, 34 young (69632K), 2 survivors (4096K)
 Metaspace       used 101617K, committed 102784K, reserved 1179648K
  class space    used 13329K, committed 13824K, reserved 1048576K
}
Event: 56646.745 GC heap after
{Heap after GC invocations=85 (full 5):
 garbage-first heap   total 122880K, used 41668K [0x0000000704400000, 0x0000000800000000)
  region size 2048K, 2 young (4096K), 2 survivors (4096K)
 Metaspace       used 101617K, committed 102784K, reserved 1179648K
  class space    used 13329K, committed 13824K, reserved 1048576K
}
Event: 57512.404 GC heap before
{Heap before GC invocations=85 (full 5):
 garbage-first heap   total 122880K, used 111300K [0x0000000704400000, 0x0000000800000000)
  region size 2048K, 36 young (73728K), 2 survivors (4096K)
 Metaspace       used 101624K, committed 102848K, reserved 1179648K
  class space    used 13329K, committed 13824K, reserved 1048576K
}
Event: 57512.410 GC heap after
{Heap after GC invocations=86 (full 5):
 garbage-first heap   total 122880K, used 41655K [0x0000000704400000, 0x0000000800000000)
  region size 2048K, 2 young (4096K), 2 survivors (4096K)
 Metaspace       used 101624K, committed 102848K, reserved 1179648K
  class space    used 13329K, committed 13824K, reserved 1048576K
}
Event: 58387.090 GC heap before
{Heap before GC invocations=87 (full 5):
 garbage-first heap   total 122880K, used 111287K [0x0000000704400000, 0x0000000800000000)
  region size 2048K, 36 young (73728K), 2 survivors (4096K)
 Metaspace       used 101601K, committed 102848K, reserved 1179648K
  class space    used 13322K, committed 13824K, reserved 1048576K
}
Event: 58387.093 GC heap after
{Heap after GC invocations=88 (full 5):
 garbage-first heap   total 122880K, used 41758K [0x0000000704400000, 0x0000000800000000)
  region size 2048K, 2 young (4096K), 2 survivors (4096K)
 Metaspace       used 101601K, committed 102848K, reserved 1179648K
  class space    used 13322K, committed 13824K, reserved 1048576K
}
Event: 63616.535 GC heap before
{Heap before GC invocations=88 (full 5):
 garbage-first heap   total 122880K, used 111390K [0x0000000704400000, 0x0000000800000000)
  region size 2048K, 36 young (73728K), 2 survivors (4096K)
 Metaspace       used 101611K, committed 102848K, reserved 1179648K
  class space    used 13322K, committed 13824K, reserved 1048576K
}
Event: 63616.543 GC heap after
{Heap after GC invocations=89 (full 5):
 garbage-first heap   total 122880K, used 40770K [0x0000000704400000, 0x0000000800000000)
  region size 2048K, 2 young (4096K), 2 survivors (4096K)
 Metaspace       used 101611K, committed 102848K, reserved 1179648K
  class space    used 13322K, committed 13824K, reserved 1048576K
}
Event: 63864.247 GC heap before
{Heap before GC invocations=89 (full 5):
 garbage-first heap   total 122880K, used 61250K [0x0000000704400000, 0x0000000800000000)
  region size 2048K, 13 young (26624K), 2 survivors (4096K)
 Metaspace       used 101623K, committed 102848K, reserved 1179648K
  class space    used 13323K, committed 13824K, reserved 1048576K
}
Event: 63864.292 GC heap after
{Heap after GC invocations=90 (full 6):
 garbage-first heap   total 122880K, used 32831K [0x0000000704400000, 0x0000000800000000)
  region size 2048K, 0 young (0K), 0 survivors (0K)
 Metaspace       used 101575K, committed 102848K, reserved 1179648K
  class space    used 13310K, committed 13824K, reserved 1048576K
}
Event: 63865.493 GC heap before
{Heap before GC invocations=90 (full 6):
 garbage-first heap   total 122880K, used 104511K [0x0000000704400000, 0x0000000800000000)
  region size 2048K, 36 young (73728K), 0 survivors (0K)
 Metaspace       used 102022K, committed 102912K, reserved 1179648K
  class space    used 13397K, committed 13824K, reserved 1048576K
}
Event: 63865.497 GC heap after
{Heap after GC invocations=91 (full 6):
 garbage-first heap   total 122880K, used 40748K [0x0000000704400000, 0x0000000800000000)
  region size 2048K, 4 young (8192K), 4 survivors (8192K)
 Metaspace       used 102022K, committed 102912K, reserved 1179648K
  class space    used 13397K, committed 13824K, reserved 1048576K
}
Event: 63865.982 GC heap before
{Heap before GC invocations=92 (full 6):
 garbage-first heap   total 122880K, used 102188K [0x0000000704400000, 0x0000000800000000)
  region size 2048K, 34 young (69632K), 4 survivors (8192K)
 Metaspace       used 102546K, committed 103488K, reserved 1179648K
  class space    used 13454K, committed 13888K, reserved 1048576K
}
Event: 63865.986 GC heap after
{Heap after GC invocations=93 (full 6):
 garbage-first heap   total 147456K, used 45399K [0x0000000704400000, 0x0000000800000000)
  region size 2048K, 3 young (6144K), 3 survivors (6144K)
 Metaspace       used 102546K, committed 103488K, reserved 1179648K
  class space    used 13454K, committed 13888K, reserved 1048576K
}
Event: 64517.045 GC heap before
{Heap before GC invocations=93 (full 6):
 garbage-first heap   total 147456K, used 123223K [0x0000000704400000, 0x0000000800000000)
  region size 2048K, 41 young (83968K), 3 survivors (6144K)
 Metaspace       used 102815K, committed 103744K, reserved 1179648K
  class space    used 13490K, committed 13952K, reserved 1048576K
}
Event: 64517.065 GC heap after
{Heap after GC invocations=94 (full 6):
 garbage-first heap   total 147456K, used 46475K [0x0000000704400000, 0x0000000800000000)
  region size 2048K, 3 young (6144K), 3 survivors (6144K)
 Metaspace       used 102815K, committed 103744K, reserved 1179648K
  class space    used 13490K, committed 13952K, reserved 1048576K
}
Event: 65474.945 GC heap before
{Heap before GC invocations=94 (full 6):
 garbage-first heap   total 147456K, used 126347K [0x0000000704400000, 0x0000000800000000)
  region size 2048K, 42 young (86016K), 3 survivors (6144K)
 Metaspace       used 102816K, committed 103744K, reserved 1179648K
  class space    used 13490K, committed 13952K, reserved 1048576K
}
Event: 65474.948 GC heap after
{Heap after GC invocations=95 (full 6):
 garbage-first heap   total 147456K, used 46561K [0x0000000704400000, 0x0000000800000000)
  region size 2048K, 3 young (6144K), 3 survivors (6144K)
 Metaspace       used 102816K, committed 103744K, reserved 1179648K
  class space    used 13490K, committed 13952K, reserved 1048576K
}

